2020_02_01_19_24

[19:53:24.35] 开始加载UI
[19:53:24.67] 开始获取一言
[19:53:24.98] 获取一言成功，耗时：00:00:00.3127729
[19:53:24.98] UI加载完成，耗时：00:00:00.6326042
[19:53:32.21] 开始获取一言
[19:53:32.41] 获取一言成功，耗时：00:00:00.2052244
[19:54:17.32] 开始获取一言
[19:54:17.53] 获取一言成功，耗时：00:00:00.2103028
[19:54:24.59] 开始获取一言
[19:54:24.80] 获取一言成功，耗时：00:00:00.2100816
[19:54:29.46] 开始获取一言
[19:54:29.66] 获取一言成功，耗时：00:00:00.1923239
[19:56:36.26] 开始获取一言
[19:56:36.49] 获取一言成功，耗时：00:00:00.2305502
[19:56:49.99] 加载工具：    2 . 调色板
[19:57:03.49] 加载工具：    7 . 记事簿
[19:57:07.05] 加载工具：    6 . QQ 消息制作
[19:57:20.20] 加载工具：    7 . 记事簿
[19:58:19.56] 加载工具：    7 . 记事簿
[19:58:35.62] 开始获取一言
[19:58:35.84] 获取一言成功，耗时：00:00:00.2121962
[19:59:08.27] 开始获取一言
[19:59:08.47] 获取一言成功，耗时：00:00:00.2004814
[19:59:13.20] 加载工具：    7 . 记事簿
[19:59:59.04] 开始获取一言
[19:59:59.25] 获取一言成功，耗时：00:00:00.2075911