2020_01_08_19_59

[19:00:59.38] 开始加载UI
[19:01:00.83] 开始获取一言
[19:01:01.32] 获取一言成功，耗时：00:00:00.4867001
[19:01:01.33] UI加载完成，耗时：00:00:01.9348080
[19:02:09.54] 开始获取一言
[19:02:09.73] 获取一言成功，耗时：00:00:00.1858835
[19:03:45.46] 开始获取一言
[19:03:45.64] 获取一言成功，耗时：00:00:00.1708960
[19:03:52.25] 你什么都没选就想开工具……
[19:04:16.82] 加载工具：    * . SOS 图标获取
[19:04:16.84] 加载工具完成，耗时:00:00:00.0169873
[19:04:19.05] 发现错误（SOS - 001）：输入为空。
[19:04:33.69] 加载工具：    1 . 批量打开文件
[19:04:55.60] 开始获取一言
[19:04:55.84] 获取一言成功，耗时：00:00:00.2278590
[19:05:36.99] 加载工具：    5 . Fuck QQ
[19:05:52.37] 发现错误（EQQ - 001）：请求头像失败， 错误原因：System.Net.WebException: 基础连接已经关闭: 接收时发生错误。 ---> System.IO.IOException: 无法从传输连接中读取数据: 远程主机强迫关闭了一个现有的连接。。 ---> System.Net.Sockets.SocketException: 远程主机强迫关闭了一个现有的连接。
   
[19:06:03.21] 加载工具：    4 . 倒计时
[19:07:47.65] 开始获取一言
[19:07:47.87] 获取一言成功，耗时：00:00:00.2138691
[19:08:54.04] 开始获取一言
[19:08:54.28] 获取一言成功，耗时：00:00:00.2258614
[19:09:41.52] 开始获取一言
[19:09:41.81] 获取一言成功，耗时：00:00:00.2938196