2020_02_07_20_25

[20:56:25.78] 开始加载UI
[20:56:26.18] UI加载完成，耗时：00:00:00.4057885
[20:56:26.19] 尝试下载丁香园界面……
[20:56:26.19] 开始获取一言
[20:56:26.19] 检查更新……
[20:56:26.19] 尝试第一更新源……
[20:56:26.59] 获取一言成功，耗时：00:00:00.4067415
[20:56:27.36] 检查更新完成。
[20:56:34.31] 处理丁香园界面失败，Newtonsoft.Json.JsonReaderException: Unexpected character encountered while parsing value: 流. Path '', line 0, position 0.
   在 Newtonsoft.Json.JsonTextReader.ParseValue()
   在 Newtonsoft.Json.JsonTextReader.Read()
   在 Newtonsoft.Json.Linq.JObject.Load(JsonReader reader, JsonLoadSettings settings)
   在 Newtonsoft.Json.Linq.JObject.Parse(String json, JsonLoadSettings settings)
   在 SS_Tool_Box_By_WPF.PageMain.N_Click(Object sender, RoutedEventArgs e) 位置 C:\Users\Stapx\OneDrive\项目\GitHub\SS-Tool-Box\SS Tool Box\Pages\PageMain.xaml.cs:行号 310
[20:56:36.86] 处理丁香园界面失败，Newtonsoft.Json.JsonReaderException: Unexpected character encountered while parsing value: 流. Path '', line 0, position 0.
   在 Newtonsoft.Json.JsonTextReader.ParseValue()
   在 Newtonsoft.Json.JsonTextReader.Read()
   在 Newtonsoft.Json.Linq.JObject.Load(JsonReader reader, JsonLoadSettings settings)
   在 Newtonsoft.Json.Linq.JObject.Parse(String json, JsonLoadSettings settings)
   在 SS_Tool_Box_By_WPF.PageMain.N_Click(Object sender, RoutedEventArgs e) 位置 C:\Users\Stapx\OneDrive\项目\GitHub\SS-Tool-Box\SS Tool Box\Pages\PageMain.xaml.cs:行号 310
[20:56:38.97] 处理丁香园界面失败，Newtonsoft.Json.JsonReaderException: Unexpected character encountered while parsing value: 流. Path '', line 0, position 0.
   在 Newtonsoft.Json.JsonTextReader.ParseValue()
   在 Newtonsoft.Json.JsonTextReader.Read()
   在 Newtonsoft.Json.Linq.JObject.Load(JsonReader reader, JsonLoadSettings settings)
   在 Newtonsoft.Json.Linq.JObject.Parse(String json, JsonLoadSettings settings)
   在 SS_Tool_Box_By_WPF.PageMain.N_Click(Object sender, RoutedEventArgs e) 位置 C:\Users\Stapx\OneDrive\项目\GitHub\SS-Tool-Box\SS Tool Box\Pages\PageMain.xaml.cs:行号 310
[20:56:39.27] 处理丁香园界面失败，Newtonsoft.Json.JsonReaderException: Unexpected character encountered while parsing value: 流. Path '', line 0, position 0.
   在 Newtonsoft.Json.JsonTextReader.ParseValue()
   在 Newtonsoft.Json.JsonTextReader.Read()
   在 Newtonsoft.Json.Linq.JObject.Load(JsonReader reader, JsonLoadSettings settings)
   在 Newtonsoft.Json.Linq.JObject.Parse(String json, JsonLoadSettings settings)
   在 SS_Tool_Box_By_WPF.PageMain.N_Click(Object sender, RoutedEventArgs e) 位置 C:\Users\Stapx\OneDrive\项目\GitHub\SS-Tool-Box\SS Tool Box\Pages\PageMain.xaml.cs:行号 310
[20:56:39.59] 处理丁香园界面失败，Newtonsoft.Json.JsonReaderException: Unexpected character encountered while parsing value: 流. Path '', line 0, position 0.
   在 Newtonsoft.Json.JsonTextReader.ParseValue()
   在 Newtonsoft.Json.JsonTextReader.Read()
   在 Newtonsoft.Json.Linq.JObject.Load(JsonReader reader, JsonLoadSettings settings)
   在 Newtonsoft.Json.Linq.JObject.Parse(String json, JsonLoadSettings settings)
   在 SS_Tool_Box_By_WPF.PageMain.N_Click(Object sender, RoutedEventArgs e) 位置 C:\Users\Stapx\OneDrive\项目\GitHub\SS-Tool-Box\SS Tool Box\Pages\PageMain.xaml.cs:行号 310
[20:56:54.62] 处理丁香园界面失败，Newtonsoft.Json.JsonReaderException: Unexpected character encountered while parsing value: a. Path '', line 0, position 0.
   在 Newtonsoft.Json.JsonTextReader.ParseValue()
   在 Newtonsoft.Json.JsonTextReader.Read()
   在 Newtonsoft.Json.Linq.JObject.Load(JsonReader reader, JsonLoadSettings settings)
   在 Newtonsoft.Json.Linq.JObject.Parse(String json, JsonLoadSettings settings)
   在 SS_Tool_Box_By_WPF.PageMain.N_Click(Object sender, RoutedEventArgs e) 位置 C:\Users\Stapx\OneDrive\项目\GitHub\SS-Tool-Box\SS Tool Box\Pages\PageMain.xaml.cs:行号 310
[20:56:56.12] 处理丁香园界面失败，Newtonsoft.Json.JsonReaderException: Unexpected character encountered while parsing value: a. Path '', line 0, position 0.
   在 Newtonsoft.Json.JsonTextReader.ParseValue()
   在 Newtonsoft.Json.JsonTextReader.Read()
   在 Newtonsoft.Json.Linq.JObject.Load(JsonReader reader, JsonLoadSettings settings)
   在 Newtonsoft.Json.Linq.JObject.Parse(String json, JsonLoadSettings settings)
   在 SS_Tool_Box_By_WPF.PageMain.N_Click(Object sender, RoutedEventArgs e) 位置 C:\Users\Stapx\OneDrive\项目\GitHub\SS-Tool-Box\SS Tool Box\Pages\PageMain.xaml.cs:行号 310
[20:56:58.56] 处理丁香园界面失败，Newtonsoft.Json.JsonReaderException: Unexpected character encountered while parsing value: a. Path '', line 0, position 0.
   在 Newtonsoft.Json.JsonTextReader.ParseValue()
   在 Newtonsoft.Json.JsonTextReader.Read()
   在 Newtonsoft.Json.Linq.JObject.Load(JsonReader reader, JsonLoadSettings settings)
   在 Newtonsoft.Json.Linq.JObject.Parse(String json, JsonLoadSettings settings)
   在 SS_Tool_Box_By_WPF.PageMain.N_Click(Object sender, RoutedEventArgs e) 位置 C:\Users\Stapx\OneDrive\项目\GitHub\SS-Tool-Box\SS Tool Box\Pages\PageMain.xaml.cs:行号 310
[20:56:59.38] 处理丁香园界面失败，Newtonsoft.Json.JsonReaderException: Unexpected character encountered while parsing value: a. Path '', line 0, position 0.
   在 Newtonsoft.Json.JsonTextReader.ParseValue()
   在 Newtonsoft.Json.JsonTextReader.Read()
   在 Newtonsoft.Json.Linq.JObject.Load(JsonReader reader, JsonLoadSettings settings)
   在 Newtonsoft.Json.Linq.JObject.Parse(String json, JsonLoadSettings settings)
   在 SS_Tool_Box_By_WPF.PageMain.N_Click(Object sender, RoutedEventArgs e) 位置 C:\Users\Stapx\OneDrive\项目\GitHub\SS-Tool-Box\SS Tool Box\Pages\PageMain.xaml.cs:行号 310
[20:56:59.60] 处理丁香园界面失败，Newtonsoft.Json.JsonReaderException: Unexpected character encountered while parsing value: a. Path '', line 0, position 0.
   在 Newtonsoft.Json.JsonTextReader.ParseValue()
   在 Newtonsoft.Json.JsonTextReader.Read()
   在 Newtonsoft.Json.Linq.JObject.Load(JsonReader reader, JsonLoadSettings settings)
   在 Newtonsoft.Json.Linq.JObject.Parse(String json, JsonLoadSettings settings)
   在 SS_Tool_Box_By_WPF.PageMain.N_Click(Object sender, RoutedEventArgs e) 位置 C:\Users\Stapx\OneDrive\项目\GitHub\SS-Tool-Box\SS Tool Box\Pages\PageMain.xaml.cs:行号 310
[20:56:59.85] 处理丁香园界面失败，Newtonsoft.Json.JsonReaderException: Unexpected character encountered while parsing value: a. Path '', line 0, position 0.
   在 Newtonsoft.Json.JsonTextReader.ParseValue()
   在 Newtonsoft.Json.JsonTextReader.Read()
   在 Newtonsoft.Json.Linq.JObject.Load(JsonReader reader, JsonLoadSettings settings)
   在 Newtonsoft.Json.Linq.JObject.Parse(String json, JsonLoadSettings settings)
   在 SS_Tool_Box_By_WPF.PageMain.N_Click(Object sender, RoutedEventArgs e) 位置 C:\Users\Stapx\OneDrive\项目\GitHub\SS-Tool-Box\SS Tool Box\Pages\PageMain.xaml.cs:行号 310
[20:57:00.12] 处理丁香园界面失败，Newtonsoft.Json.JsonReaderException: Unexpected character encountered while parsing value: a. Path '', line 0, position 0.
   在 Newtonsoft.Json.JsonTextReader.ParseValue()
   在 Newtonsoft.Json.JsonTextReader.Read()
   在 Newtonsoft.Json.Linq.JObject.Load(JsonReader reader, JsonLoadSettings settings)
   在 Newtonsoft.Json.Linq.JObject.Parse(String json, JsonLoadSettings settings)
   在 SS_Tool_Box_By_WPF.PageMain.N_Click(Object sender, RoutedEventArgs e) 位置 C:\Users\Stapx\OneDrive\项目\GitHub\SS-Tool-Box\SS Tool Box\Pages\PageMain.xaml.cs:行号 310
[20:57:47.65] 处理丁香园界面失败，Newtonsoft.Json.JsonReaderException: Unexpected character encountered while parsing value: a. Path '', line 0, position 0.
   在 Newtonsoft.Json.JsonTextReader.ParseValue()
   在 Newtonsoft.Json.JsonTextReader.Read()
   在 Newtonsoft.Json.Linq.JObject.Load(JsonReader reader, JsonLoadSettings settings)
   在 Newtonsoft.Json.Linq.JObject.Parse(String json, JsonLoadSettings settings)
   在 SS_Tool_Box_By_WPF.PageMain.N_Click(Object sender, RoutedEventArgs e) 位置 C:\Users\Stapx\OneDrive\项目\GitHub\SS-Tool-Box\SS Tool Box\Pages\PageMain.xaml.cs:行号 310
[20:58:05.66] 处理丁香园界面失败，System.ArgumentOutOfRangeException: StartIndex 不能小于 0。
参数名: startIndex
   在 System.String.Substring(Int32 startIndex, Int32 length)
   在 SS_Tool_Box_By_WPF.PageMain.N_Click(Object sender, RoutedEventArgs e) 位置 C:\Users\Stapx\OneDrive\项目\GitHub\SS-Tool-Box\SS Tool Box\Pages\PageMain.xaml.cs:行号 310
[20:58:06.51] 处理丁香园界面失败，System.ArgumentOutOfRangeException: StartIndex 不能小于 0。
参数名: startIndex
   在 System.String.Substring(Int32 startIndex, Int32 length)
   在 SS_Tool_Box_By_WPF.PageMain.N_Click(Object sender, RoutedEventArgs e) 位置 C:\Users\Stapx\OneDrive\项目\GitHub\SS-Tool-Box\SS Tool Box\Pages\PageMain.xaml.cs:行号 310
[20:59:41.98] 处理丁香园界面失败，Newtonsoft.Json.JsonReaderException: Unexpected character encountered while parsing value: o. Path '', line 0, position 0.
   在 Newtonsoft.Json.JsonTextReader.ParseValue()
   在 Newtonsoft.Json.JsonTextReader.Read()
   在 Newtonsoft.Json.Linq.JObject.Load(JsonReader reader, JsonLoadSettings settings)
   在 Newtonsoft.Json.Linq.JObject.Parse(String json, JsonLoadSettings settings)
   在 SS_Tool_Box_By_WPF.PageMain.N_Click(Object sender, RoutedEventArgs e) 位置 C:\Users\Stapx\OneDrive\项目\GitHub\SS-Tool-Box\SS Tool Box\Pages\PageMain.xaml.cs:行号 310
[20:59:43.19] 处理丁香园界面失败，Newtonsoft.Json.JsonReaderException: Unexpected character encountered while parsing value: o. Path '', line 0, position 0.
   在 Newtonsoft.Json.JsonTextReader.ParseValue()
   在 Newtonsoft.Json.JsonTextReader.Read()
   在 Newtonsoft.Json.Linq.JObject.Load(JsonReader reader, JsonLoadSettings settings)
   在 Newtonsoft.Json.Linq.JObject.Parse(String json, JsonLoadSettings settings)
   在 SS_Tool_Box_By_WPF.PageMain.N_Click(Object sender, RoutedEventArgs e) 位置 C:\Users\Stapx\OneDrive\项目\GitHub\SS-Tool-Box\SS Tool Box\Pages\PageMain.xaml.cs:行号 310
[20:59:44.03] 处理丁香园界面失败，Newtonsoft.Json.JsonReaderException: Unexpected character encountered while parsing value: o. Path '', line 0, position 0.
   在 Newtonsoft.Json.JsonTextReader.ParseValue()
   在 Newtonsoft.Json.JsonTextReader.Read()
   在 Newtonsoft.Json.Linq.JObject.Load(JsonReader reader, JsonLoadSettings settings)
   在 Newtonsoft.Json.Linq.JObject.Parse(String json, JsonLoadSettings settings)
   在 SS_Tool_Box_By_WPF.PageMain.N_Click(Object sender, RoutedEventArgs e) 位置 C:\Users\Stapx\OneDrive\项目\GitHub\SS-Tool-Box\SS Tool Box\Pages\PageMain.xaml.cs:行号 310
[20:59:44.32] 处理丁香园界面失败，Newtonsoft.Json.JsonReaderException: Unexpected character encountered while parsing value: o. Path '', line 0, position 0.
   在 Newtonsoft.Json.JsonTextReader.ParseValue()
   在 Newtonsoft.Json.JsonTextReader.Read()
   在 Newtonsoft.Json.Linq.JObject.Load(JsonReader reader, JsonLoadSettings settings)
   在 Newtonsoft.Json.Linq.JObject.Parse(String json, JsonLoadSettings settings)
   在 SS_Tool_Box_By_WPF.PageMain.N_Click(Object sender, RoutedEventArgs e) 位置 C:\Users\Stapx\OneDrive\项目\GitHub\SS-Tool-Box\SS Tool Box\Pages\PageMain.xaml.cs:行号 310