2020_01_23_19_43

[19:31:43.79] 开始加载UI
[19:31:44.15] 开始获取一言
[19:31:44.48] 获取一言成功，耗时：00:00:00.3322088
[19:31:44.48] UI加载完成，耗时：00:00:00.6934909
[19:31:49.99] 加载工具：    CMD
[19:35:53.77] 加载工具：    回到主页
[19:35:53.78] 开始获取一言
[19:35:53.99] 获取一言成功，耗时：00:00:00.2164650
[19:36:17.43] 加载工具：    CMD
[19:41:13.62] 开始获取一言
[19:41:13.87] 获取一言成功，耗时：00:00:00.2485294
[19:41:18.81] 开始获取一言
[19:41:19.00] 获取一言成功，耗时：00:00:00.1929678
[19:41:23.21] 加载工具：    CMD
[19:42:20.39] 开始获取一言
[19:42:20.61] 获取一言成功，耗时：00:00:00.2197295
[19:42:26.22] 加载工具：    CMD
[19:42:52.13] 开始获取一言
[19:42:52.42] 获取一言成功，耗时：00:00:00.2942218
[19:42:55.55] 加载工具：    CMD