2020_01_15_11_05

[11:09:05.13] 开始加载UI
[11:09:06.65] 开始获取一言
[11:09:07.09] 获取一言成功，耗时：00:00:00.4467216
[11:09:07.10] UI加载完成，耗时：00:00:01.9662567
[11:09:18.41] 开始获取一言
[11:09:18.61] 获取一言成功，耗时：00:00:00.2014565
[11:09:34.14] 开始获取一言
[11:09:34.36] 获取一言成功，耗时：00:00:00.2163351
[11:09:46.23] 开始获取一言
[11:09:46.44] 获取一言成功，耗时：00:00:00.2068699
[11:09:51.81] 开始获取一言
[11:09:52.04] 获取一言成功，耗时：00:00:00.2210710
[11:09:59.61] 开始获取一言
[11:09:59.80] 获取一言成功，耗时：00:00:00.1870754
[11:10:19.64] 开始获取一言
[11:10:19.86] 获取一言成功，耗时：00:00:00.2238550
[11:10:27.63] 开始获取一言
[11:10:27.85] 获取一言成功，耗时：00:00:00.2161776
[11:11:03.69] 开始获取一言
[11:11:03.91] 获取一言成功，耗时：00:00:00.2142923
[11:11:06.78] 加载工具：    5 . Fuck QQ
[11:11:16.71] 加载工具：    3 . 快速启动器
[11:11:18.99] 加载工具：    3 . 快速启动器
[11:11:34.77] 加载工具：    * . SOS 图标获取
[11:11:34.85] 加载工具完成，耗时:00:00:00.0089953
[11:11:47.74] 加载工具：    回到主页
[11:11:52.69] 加载工具：    回到主页
[11:11:52.70] 开始获取一言
[11:11:52.91] 获取一言成功，耗时：00:00:00.2108686