2020_01_23_20_57

[20:03:57.70] 开始加载UI
[20:03:58.38] 开始获取一言
[20:03:58.71] 获取一言成功，耗时：00:00:00.3363395
[20:03:58.72] UI加载完成，耗时：00:00:01.0143719
[20:05:59.27] 你什么都没选就想开工具……
[20:06:00.04] 你什么都没选就想开工具……
[20:06:03.68] 加载工具：    CMD
[20:07:58.63] 开始获取一言
[20:07:58.84] 获取一言成功，耗时：00:00:00.2081004
[20:08:25.80] 加载工具：    CMD
[20:13:16.72] 加载工具：    * . SOS 图标获取
[20:13:16.74] 加载工具完成，耗时:00:00:00.0089948
[20:13:27.73] 发现错误（SOS - 001）：输入为空。
[20:13:31.78] 加载工具：    CMD
[20:15:14.10] 开始获取一言
[20:15:14.31] 获取一言成功，耗时：00:00:00.2134670
[20:15:16.05] 你什么都没选就想开工具……
[20:15:32.03] 开始获取一言
[20:15:32.22] 获取一言成功，耗时：00:00:00.1947459
[20:15:40.27] 开始获取一言
[20:15:40.48] 获取一言成功，耗时：00:00:00.2039917